<?xml version="1.0" encoding="UTF-8"?>
<testng-results ignored="0" total="1" passed="1" failed="0" skipped="0">
  <reporter-output>
  </reporter-output>
  <suite started-at="2024-12-09T14:17:15 GMT+05:45" name="Default suite" finished-at="2024-12-09T14:17:24 GMT+05:45" duration-ms="8988">
    <groups>
    </groups>
    <test started-at="2024-12-09T14:17:15 GMT+05:45" name="Default test" finished-at="2024-12-09T14:17:24 GMT+05:45" duration-ms="8988">
      <class name="org.test.JsAlertPopUpHandle">
        <test-method signature="alterTest()[pri:0, instance:org.test.JsAlertPopUpHandle@6973b51b]" started-at="2024-12-09T14:17:15 GMT+05:45" name="alterTest" finished-at="2024-12-09T14:17:24 GMT+05:45" duration-ms="8922" status="PASS">
          <reporter-output>
          </reporter-output>
        </test-method> <!-- alterTest -->
      </class> <!-- org.test.JsAlertPopUpHandle -->
    </test> <!-- Default test -->
  </suite> <!-- Default suite -->
</testng-results>
