<?xml version="1.0" encoding="UTF-8"?>
<testng-results ignored="0" total="1" passed="1" failed="0" skipped="0">
  <reporter-output>
  </reporter-output>
  <suite started-at="2024-12-09T14:53:39 GMT+05:45" name="Default suite" finished-at="2024-12-09T14:53:52 GMT+05:45" duration-ms="12483">
    <groups>
    </groups>
    <test started-at="2024-12-09T14:53:39 GMT+05:45" name="Default test" finished-at="2024-12-09T14:53:52 GMT+05:45" duration-ms="12483">
      <class name="org.test.HandleFrames">
        <test-method signature="fromTest()[pri:0, instance:org.test.HandleFrames@402bba4f]" started-at="2024-12-09T14:53:39 GMT+05:45" name="fromTest" finished-at="2024-12-09T14:53:52 GMT+05:45" duration-ms="12450" status="PASS">
          <reporter-output>
          </reporter-output>
        </test-method> <!-- fromTest -->
      </class> <!-- org.test.HandleFrames -->
    </test> <!-- Default test -->
  </suite> <!-- Default suite -->
</testng-results>
